<?xml version="1.0" encoding="UTF-8"?>
<testsuite xmlns:xsi="http://www.w3.org/2001/XMLSchema-instance" xsi:noNamespaceSchemaLocation="https://maven.apache.org/surefire/maven-surefire-plugin/xsd/surefire-test-report-3.0.xsd" version="3.0" name="com.fintrack.FintrackApplicationTests" time="3.768" tests="1" errors="0" skipped="0" failures="0">
  <properties>
[...]
</properties>
  <testcase name="contextLoads" classname="com.fintrack.FintrackApplicationTests" time="0.242">
    <system-out><![CDATA[16:24:39.914 [main] INFO org.springframework.test.context.support.AnnotationConfigContextLoaderUtils -- Could not detect default configuration classes for test class [com.fintrack.FintrackApplicationTests]: FintrackApplicationTests does not declare any static, non-private, non-final, nested classes annotated with @Configuration.
16:24:39.987 [main] INFO org.springframework.boot.test.context.SpringBootTestContextBootstrapper -- Found @SpringBootConfiguration com.fintrack.FintrackApplication for test class com.fintrack.FintrackApplicationTests

  .   ____          _            __ _ _
 /\\ / ___'_ __ _ _(_)_ __  __ _ \ \ \ \
( ( )\___ | '_ | '_| | '_ \/ _` | \ \ \ \
 \\/  ___)| |_)| | | | | || (_| |  ) ) ) )
  '  |____| .__|_| |_|_| |_\__, | / / / /
 =========|_|==============|___/=/_/_/_/
 :: Spring Boot ::                (v3.2.5)

2025-12-26T16:24:40.225+05:30  INFO 10472 --- [           main] com.fintrack.FintrackApplicationTests    : Starting FintrackApplicationTests using Java 25.0.1 with PID 10472 (started by SAMARTH in D:\New folder (2)\fintrack-backend)
2025-12-26T16:24:40.226+05:30  INFO 10472 --- [           main] com.fintrack.FintrackApplicationTests    : No active profile set, falling back to 1 default profile: "default"
2025-12-26T16:24:40.730+05:30  INFO 10472 --- [           main] .s.d.r.c.RepositoryConfigurationDelegate : Bootstrapping Spring Data JPA repositories in DEFAULT mode.
2025-12-26T16:24:40.766+05:30  INFO 10472 --- [           main] .s.d.r.c.RepositoryConfigurationDelegate : Finished Spring Data repository scanning in 30 ms. Found 3 JPA repository interfaces.
2025-12-26T16:24:41.132+05:30  INFO 10472 --- [           main] o.hibernate.jpa.internal.util.LogHelper  : HHH000204: Processing PersistenceUnitInfo [name: default]
2025-12-26T16:24:41.181+05:30  INFO 10472 --- [           main] org.hibernate.Version                    : HHH000412: Hibernate ORM core version 6.4.4.Final
2025-12-26T16:24:41.209+05:30  INFO 10472 --- [           main] o.h.c.internal.RegionFactoryInitiator    : HHH000026: Second-level cache disabled
2025-12-26T16:24:41.415+05:30  INFO 10472 --- [           main] o.s.o.j.p.SpringPersistenceUnitInfo      : No LoadTimeWeaver setup: ignoring JPA class transformer
2025-12-26T16:24:41.433+05:30  INFO 10472 --- [           main] com.zaxxer.hikari.HikariDataSource       : HikariPool-1 - Starting...
2025-12-26T16:24:41.592+05:30  INFO 10472 --- [           main] com.zaxxer.hikari.pool.HikariPool        : HikariPool-1 - Added connection conn0: url=jdbc:h2:mem:testdb user=SA
2025-12-26T16:24:41.593+05:30  INFO 10472 --- [           main] com.zaxxer.hikari.HikariDataSource       : HikariPool-1 - Start completed.
2025-12-26T16:24:41.609+05:30  WARN 10472 --- [           main] org.hibernate.orm.deprecation            : HHH90000025: H2Dialect does not need to be specified explicitly using 'hibernate.dialect' (remove the property setting and it will be selected by default)
2025-12-26T16:24:42.159+05:30  INFO 10472 --- [           main] o.h.e.t.j.p.i.JtaPlatformInitiator       : HHH000489: No JTA platform available (set 'hibernate.transaction.jta.platform' to enable JTA platform integration)
2025-12-26T16:24:42.191+05:30  INFO 10472 --- [           main] j.LocalContainerEntityManagerFactoryBean : Initialized JPA EntityManagerFactory for persistence unit 'default'
2025-12-26T16:24:42.684+05:30  WARN 10472 --- [           main] JpaBaseConfiguration$JpaWebConfiguration : spring.jpa.open-in-view is enabled by default. Therefore, database queries may be performed during view rendering. Explicitly configure spring.jpa.open-in-view to disable this warning
2025-12-26T16:24:42.927+05:30  INFO 10472 --- [           main] o.s.s.web.DefaultSecurityFilterChain     : Will secure any request with [org.springframework.security.web.session.DisableEncodeUrlFilter@1de6f29d, org.springframework.security.web.context.request.async.WebAsyncManagerIntegrationFilter@488c608a, org.springframework.security.web.context.SecurityContextHolderFilter@225890bc, org.springframework.security.web.header.HeaderWriterFilter@31d8352e, org.springframework.web.filter.CorsFilter@2e564c78, org.springframework.web.filter.CorsFilter@2e564c78, org.springframework.security.web.authentication.logout.LogoutFilter@76d220eb, com.fintrack.security.JwtAuthenticationFilter@2ecd2aa4, org.springframework.security.web.savedrequest.RequestCacheAwareFilter@44b5b54, org.springframework.security.web.servletapi.SecurityContextHolderAwareRequestFilter@7e8f97dd, org.springframework.security.web.authentication.AnonymousAuthenticationFilter@3b6c55b6, org.springframework.security.web.session.SessionManagementFilter@4b8c9729, org.springframework.security.web.access.ExceptionTranslationFilter@20843604, org.springframework.security.web.access.intercept.AuthorizationFilter@90b9695]
2025-12-26T16:24:43.204+05:30  INFO 10472 --- [           main] com.fintrack.FintrackApplicationTests    : Started FintrackApplicationTests in 3.126 seconds (process running for 3.717)
]]></system-out>
    <system-err><![CDATA[WARNING: A Java agent has been loaded dynamically (C:\Users\SAMARTH\.m2\repository\net\bytebuddy\byte-buddy-agent\1.14.13\byte-buddy-agent-1.14.13.jar)
WARNING: If a serviceability tool is in use, please run with -XX:+EnableDynamicAgentLoading to hide this warning
WARNING: If a serviceability tool is not in use, please run with -Djdk.instrument.traceUsage for more information
WARNING: Dynamic loading of agents will be disallowed by default in a future release
]]></system-err>
  </testcase>
</testsuite>